PRINT                           Source Listing                   9-MAY-2021 23:43:19  VSI C V7.4-002-50R2O              Page 1
V1.0                                                             2-FEB-2021 02:11:10  print.c;1

	      1 /*
	      2 ** THIS SOFTWARE IS SUBJECT TO COPYRIGHT PROTECTION AND IS OFFERED ONLY
	      3 ** PURSUANT TO THE 3DFX GLIDE GENERAL PUBLIC LICENSE. THERE IS NO RIGHT
	      4 ** TO USE THE GLIDE TRADEMARK WITHOUT PRIOR WRITTEN PERMISSION OF 3DFX
	      5 ** INTERACTIVE, INC. A COPY OF THIS LICENSE MAY BE OBTAINED FROM THE 
	      6 ** DISTRIBUTOR OR BY CONTACTING 3DFX INTERACTIVE INC(info@3dfx.com). 
	      7 ** THIS PROGRAM IS PROVIDED "AS IS" WITHOUT WARRANTY OF ANY KIND, EITHER 
	      8 ** EXPRESSED OR IMPLIED. SEE THE 3DFX GLIDE GENERAL PUBLIC LICENSE FOR A
	      9 ** FULL TEXT OF THE NON-WARRANTY PROVISIONS.  
	     10 ** 
	     11 ** USE, DUPLICATION OR DISCLOSURE BY THE GOVERNMENT IS SUBJECT TO
	     12 ** RESTRICTIONS AS SET FORTH IN SUBDIVISION (C)(1)(II) OF THE RIGHTS IN
	     13 ** TECHNICAL DATA AND COMPUTER SOFTWARE CLAUSE AT DFARS 252.227-7013,
	     14 ** AND/OR IN SIMILAR OR SUCCESSOR CLAUSES IN THE FAR, DOD OR NASA FAR
	     15 ** SUPPLEMENT. UNPUBLISHED RIGHTS RESERVED UNDER THE COPYRIGHT LAWS OF
	     16 ** THE UNITED STATES.  
	     17 ** 
	     18 ** COPYRIGHT 3DFX INTERACTIVE, INC. 1999, ALL RIGHTS RESERVED
	     19 **
	     20 ** Print functions for SST-1 Initialization routines
	     21 */
       X     22 #ifdef _MSC_VER
       X     23 #pragma optimize ("",off)
       X     24 #endif
	     25 #include <stdio.h>
	   1636 #include <stdlib.h>
	   3731 #include <stdarg.h>
       X   3906 #ifdef BUILD_FOR_SST1
       X   3907 #include <sst.h>
       X   3908 #else
	   3909 #include <3dfx.h>
	   4040 #include <cvgregs.h>
	   4268 #include <cvgdefs.h>
	   5209 #endif
	   5210 #include <sst1vid.h>
	   5320 #define FX_DLL_DEFINITION
	   5321 #include <fxdll.h>
	   5442 #include <sst1init.h>
	   8080 #include <gdebug.h>
	   8335 
	   8336 #ifdef INIT_OUTPUT
	   8337 
	   8338 FX_ENTRY void FX_CALL sst1InitVPrintf(const char *, va_list);
	   8339 
	   8340 FX_ENTRY void FX_CALL sst1InitPrintf(const char *format, ...)
      1	   8341 {
      1	   8342     va_list args;
      1	   8343     static FxBool firstPass = FXTRUE;
      1	   8344     static FxBool printIt = FXFALSE;
      1	   8345 
      2	   8346     if(firstPass == FXTRUE) {
      2	   8347         sst1InitMsgFile = stdout;
      2	   8348         firstPass = FXFALSE;
      2	   8349         if(GETENV(("SSTV2_INITDEBUG")) || GDBG_GET_DEBUGLEVEL(5))
      2	   8350             printIt = FXTRUE;
      3	   8351         if(GETENV(("SSTV2_INITDEBUG_FILE"))) {
      3	   8352           printIt = ((sst1InitMsgFile = fopen(GETENV(("SSTV2_INITDEBUG_FILE")), "w")) != NULL);

PRINT                           Source Listing                   9-MAY-2021 23:43:19  VSI C V7.4-002-50R2O              Page 2
V1.0                                                             2-FEB-2021 02:11:10  print.c;1

      4	   8353           if (!printIt) {
      4	   8354             fprintf(stderr, "sst1InitPrintf(): Could not open file '%s' for logging...\n", 
      4	   8355                     GETENV(("SSTV2_INITDEBUG_FILE")));
      3	   8356           }
      2	   8357         }
      1	   8358     }
      1	   8359 
      1	   8360     if(printIt == FXFALSE)
      1	   8361         return;
      1	   8362 
      1	   8363     va_start(args, format);
      1	   8364     sst1InitVPrintf(format, args);
      1	   8365     va_end(args);
      1	   8366 }
	   8367 
	   8368 FX_ENTRY void FX_CALL sst1InitVPrintf(const char *format, va_list args)
      1	   8369 {
      1	   8370     vfprintf(sst1InitMsgFile, format, args);
      1	   8371     fflush(sst1InitMsgFile);
      1	   8372 }
	   8373 
	   8374 #endif
	   8375 
       X   8376 #ifdef _MSC_VER
       X   8377 #pragma optimize ("",on)
       X   8378 #endif


Command Line
------- ----

CC/DEBUG/NOOP/LIST=[.OUT.DEBUG.OBJ.GLIDE.GLIDE2X.CVG.INIT]PRINT/OBJECT=[.OUT.DE
BUG.OBJ.GLIDE.GLIDE2X.CVG.INIT]PRINT.OBJ/INCLUDE_DIRECTORY=([.GLIDE.SWLIBS.FXMI
SC],[.GLIDE.GLIDE2X.CVG.INCSRC],[.GLIDE.GLIDE2X.CVG.GLIDE.SRC],[.GLIDE.GLIDE2X.
CVG.INIT],[.GLIDE.SWLIBS.NEWPCI.PCILIB])/DEFINE=(CVG,GLIDE_USE_C_TRISETUP,GLIDE
_HW_TRI_SETUP=1,GLIDE_TRI_CULLING=1,GLIDE_DEFAULT_GAMMA=1.3F,GLIDE_LIB=1) [.GLI
DE.GLIDE2X.CVG.INIT]PRINT.C

Hardware: /ARCHITECTURE=GENERIC /OPTIMIZE=TUNE=GENERIC

These macros are in effect at the start of the compilation.
----- ------ --- -- ------ -- --- ----- -- --- ------------

 __G_FLOAT=1  __DECC=1  vms=1  VMS=1  __32BITS=1  __PRAGMA_ENVIRONMENT=1 
 __CRTL_VER=80400000  __vms_version="V8.4-2L1"  CC$gfloat=1  __X_FLOAT=1 
 GLIDE_HW_TRI_SETUP=1  GLIDE_USE_C_TRISETUP=1  vms_version="V8.4-2L1" 
 __DATE__="May  9 2021"  __STDC_VERSION__=199901L  __DECC_MODE_RELAXED=1 
 __DECC_VER=70490002  __VMS=1  GLIDE_DEFAULT_GAMMA=1.3F  GLIDE_LIB=1 
 __ALPHA=1  VMS_VERSION="V8.4-2L1"  __IEEE_FLOAT=0  __VMS_VERSION="V8.4-2L1" 
 __TIME__="23:43:19"  __Alpha_AXP=1  __VMS_VER=80421222 
 __BIASED_FLT_ROUNDS=2  CVG=1  __INITIAL_POINTER_SIZE=0  __STDC__=2 
 __LANGUAGE_C__=1  __vms=1  __alpha=1  __D_FLOAT=0  GLIDE_TRI_CULLING=1 

