GMOVIE                          Source Listing                   9-MAY-2021 23:42:59  VSI C V7.4-002-50R2O              Page 1
V1.0                                                             2-FEB-2021 02:11:10  gmovie.c;1

	      1 /*
	      2 ** THIS SOFTWARE IS SUBJECT TO COPYRIGHT PROTECTION AND IS OFFERED ONLY
	      3 ** PURSUANT TO THE 3DFX GLIDE GENERAL PUBLIC LICENSE. THERE IS NO RIGHT
	      4 ** TO USE THE GLIDE TRADEMARK WITHOUT PRIOR WRITTEN PERMISSION OF 3DFX
	      5 ** INTERACTIVE, INC. A COPY OF THIS LICENSE MAY BE OBTAINED FROM THE 
	      6 ** DISTRIBUTOR OR BY CONTACTING 3DFX INTERACTIVE INC(info@3dfx.com). 
	      7 ** THIS PROGRAM IS PROVIDED "AS IS" WITHOUT WARRANTY OF ANY KIND, EITHER 
	      8 ** EXPRESSED OR IMPLIED. SEE THE 3DFX GLIDE GENERAL PUBLIC LICENSE FOR A
	      9 ** FULL TEXT OF THE NON-WARRANTY PROVISIONS.  
	     10 ** 
	     11 ** USE, DUPLICATION OR DISCLOSURE BY THE GOVERNMENT IS SUBJECT TO
	     12 ** RESTRICTIONS AS SET FORTH IN SUBDIVISION (C)(1)(II) OF THE RIGHTS IN
	     13 ** TECHNICAL DATA AND COMPUTER SOFTWARE CLAUSE AT DFARS 252.227-7013,
	     14 ** AND/OR IN SIMILAR OR SUCCESSOR CLAUSES IN THE FAR, DOD OR NASA FAR
	     15 ** SUPPLEMENT. UNPUBLISHED RIGHTS RESERVED UNDER THE COPYRIGHT LAWS OF
	     16 ** THE UNITED STATES.  
	     17 ** 
	     18 ** COPYRIGHT 3DFX INTERACTIVE, INC. 1999, ALL RIGHTS RESERVED
	     19  * 
	     20  * 6     8/30/97 5:59p Tarolli
	     21  * cleanups
	     22  * 
	     23  * 5     5/27/97 1:16p Peter
	     24  * Basic cvg, w/o cmd fifo stuff. 
	     25  * 
	     26  * 4     5/21/97 6:05a Peter
	     27  * 
	     28  * 3     3/09/97 10:31a Dow
	     29  * Added GR_DIENTRY for di glide functions
	     30 **
	     31 */
	     32 #include <string.h>
	   1031 
	   1032 #include <3dfx.h>
	   1163 #define FX_DLL_DEFINITION
	   1164 #include <fxdll.h>
	   1285 #include <glide.h>
	   3227 #include "fxglide.h"
	  14571 
	  14572 GR_DIENTRY(guMovieStart, void, ( void ))
      1	  14573 {
      1	  14574    GrErrorCallback( "guMovieStart:  unsupported", FXFALSE );
      1	  14575 }
	  14576 
	  14577 GR_DIENTRY(guMovieStop, void, ( void ))
      1	  14578 {
      1	  14579    GrErrorCallback( "guMovieStop:  unsupported", FXFALSE );
      1	  14580 }
	  14581 
	  14582 GR_DIENTRY(guMovieSetName, void, ( const char *name ))
      1	  14583 {
      1	  14584    GrErrorCallback( "guMovieSetName:  unsupported", FXFALSE );
      1	  14585 }

GMOVIE                          Source Listing                   9-MAY-2021 23:42:59  VSI C V7.4-002-50R2O              Page 2
V1.0                                                             2-FEB-2021 02:11:10  gmovie.c;1

Command Line
------- ----

CC/DEBUG/NOOP/LIST=[.OUT.DEBUG.OBJ.GLIDE.GLIDE2X.CVG.GLIDE.SRC]GMOVIE/OBJECT=[.
OUT.DEBUG.OBJ.GLIDE.GLIDE2X.CVG.GLIDE.SRC]GMOVIE.OBJ/INCLUDE_DIRECTORY=([.GLIDE
.SWLIBS.FXMISC],[.GLIDE.GLIDE2X.CVG.INCSRC],[.GLIDE.GLIDE2X.CVG.GLIDE.SRC],[.GL
IDE.GLIDE2X.CVG.INIT],[.GLIDE.SWLIBS.NEWPCI.PCILIB])/DEFINE=(CVG,GLIDE_USE_C_TR
ISETUP,GLIDE_HW_TRI_SETUP=1,GLIDE_TRI_CULLING=1,GLIDE_DEFAULT_GAMMA=1.3F,GLIDE_
LIB=1) [.GLIDE.GLIDE2X.CVG.GLIDE.SRC]GMOVIE.C

Hardware: /ARCHITECTURE=GENERIC /OPTIMIZE=TUNE=GENERIC

These macros are in effect at the start of the compilation.
----- ------ --- -- ------ -- --- ----- -- --- ------------

 __G_FLOAT=1  __DECC=1  vms=1  VMS=1  __32BITS=1  __PRAGMA_ENVIRONMENT=1 
 __CRTL_VER=80400000  __vms_version="V8.4-2L1"  CC$gfloat=1  __X_FLOAT=1 
 GLIDE_HW_TRI_SETUP=1  GLIDE_USE_C_TRISETUP=1  vms_version="V8.4-2L1" 
 __DATE__="May  9 2021"  __STDC_VERSION__=199901L  __DECC_MODE_RELAXED=1 
 __DECC_VER=70490002  __VMS=1  GLIDE_DEFAULT_GAMMA=1.3F  GLIDE_LIB=1 
 __ALPHA=1  VMS_VERSION="V8.4-2L1"  __IEEE_FLOAT=0  __VMS_VERSION="V8.4-2L1" 
 __TIME__="23:42:59"  __Alpha_AXP=1  __VMS_VER=80421222 
 __BIASED_FLT_ROUNDS=2  CVG=1  __INITIAL_POINTER_SIZE=0  __STDC__=2 
 __LANGUAGE_C__=1  __vms=1  __alpha=1  __D_FLOAT=0  GLIDE_TRI_CULLING=1 

