GUMP                            Source Listing                   9-MAY-2021 23:43:09  VSI C V7.4-002-50R2O              Page 1
V1.0                                                             2-FEB-2021 02:11:10  gump.c;1

	      1 /*
	      2 ** THIS SOFTWARE IS SUBJECT TO COPYRIGHT PROTECTION AND IS OFFERED ONLY
	      3 ** PURSUANT TO THE 3DFX GLIDE GENERAL PUBLIC LICENSE. THERE IS NO RIGHT
	      4 ** TO USE THE GLIDE TRADEMARK WITHOUT PRIOR WRITTEN PERMISSION OF 3DFX
	      5 ** INTERACTIVE, INC. A COPY OF THIS LICENSE MAY BE OBTAINED FROM THE 
	      6 ** DISTRIBUTOR OR BY CONTACTING 3DFX INTERACTIVE INC(info@3dfx.com). 
	      7 ** THIS PROGRAM IS PROVIDED "AS IS" WITHOUT WARRANTY OF ANY KIND, EITHER 
	      8 ** EXPRESSED OR IMPLIED. SEE THE 3DFX GLIDE GENERAL PUBLIC LICENSE FOR A
	      9 ** FULL TEXT OF THE NON-WARRANTY PROVISIONS.  
	     10 ** 
	     11 ** USE, DUPLICATION OR DISCLOSURE BY THE GOVERNMENT IS SUBJECT TO
	     12 ** RESTRICTIONS AS SET FORTH IN SUBDIVISION (C)(1)(II) OF THE RIGHTS IN
	     13 ** TECHNICAL DATA AND COMPUTER SOFTWARE CLAUSE AT DFARS 252.227-7013,
	     14 ** AND/OR IN SIMILAR OR SUCCESSOR CLAUSES IN THE FAR, DOD OR NASA FAR
	     15 ** SUPPLEMENT. UNPUBLISHED RIGHTS RESERVED UNDER THE COPYRIGHT LAWS OF
	     16 ** THE UNITED STATES.  
	     17 ** 
	     18 ** COPYRIGHT 3DFX INTERACTIVE, INC. 1999, ALL RIGHTS RESERVED
	     19 **
	     20  * 
	     21  * 10    12/09/97 12:20p Peter
	     22  * mac glide port
	     23  * 
	     24  * 9     11/12/97 5:12p Pgj
	     25  * stubs for evil guFb{Read|Write}Region() calls
	     26  * 
	     27  * 8     5/27/97 1:16p Peter
	     28  * Basic cvg, w/o cmd fifo stuff. 
	     29  * 
	     30  * 7     5/21/97 6:05a Peter
	     31  * 
	     32  * 6     3/09/97 10:31a Dow
	     33  * Added GR_DIENTRY for di glide functions
	     34  * 
	     35  * 5     12/23/96 1:37p Dow
	     36  * chagnes for multiplatform glide
	     37 **
	     38 */
	     39 
	     40 /* Implements multipass drawing */
	     41 
	     42 #include <3dfx.h>
	    173 #define FX_DLL_DEFINITION
	    174 #include <fxdll.h>
	    295 #include <glide.h>
	   2237 #include "fxglide.h"
	  14129 #include "gump.h"
	  14185 
	  14186 /* CHD BUG this belongs in fxglide.h */
	  14187 void FX_CSTYLE
	  14188 _gumpTexCombineFunction( int virtual_tmu );
	  14189 
	  14190 GrMPState _gumpState;
	  14191 
	  14192 GR_DIENTRY(guMPInit, void, ( void ))
      1	  14193 {
      1	  14194   int i;

GUMP                            Source Listing                   9-MAY-2021 23:43:09  VSI C V7.4-002-50R2O              Page 2
V1.0                                                             2-FEB-2021 02:11:10  gump.c;1

      1	  14195 
      1	  14196   GDBG_INFO(98,"guMPInit()\n");
      1	  14197   for (i = 0; i < GLIDE_NUM_VIRTUAL_TMU; i += 1)
      2	  14198   {
      2	  14199     _gumpState.mmid[i] = (GrMipMapId_t) GR_NULL_MIPMAP_HANDLE;
      1	  14200   }
      1	  14201   _gumpState.tc_fnc = GR_MPTEXTURECOMBINE_ADD;
      1	  14202 }
	  14203 
	  14204 GR_DIENTRY(guMPTexCombineFunction, void, 
	  14205            ( GrMPTextureCombineFnc_t tc_fnc ))
      1	  14206 {
      1	  14207   GDBG_INFO(98,"guMPTexCombineFunction(%d)\n",tc_fnc);
      1	  14208   _gumpState.tc_fnc = tc_fnc;
      1	  14209 }
	  14210 
	  14211 GR_DIENTRY(guMPTexSource, void, 
	  14212            ( GrChipID_t virtual_tmu, GrMipMapId_t mmid ))
      1	  14213 {
      1	  14214   GR_DCL_GC;
      1	  14215   FXUNUSED( gc );
      1	  14216   GDBG_INFO(98,"guMPTexSource(%d,%d)\n",virtual_tmu,mmid);
      1	  14217   GR_CHECK_TMU("guMPTexSource",virtual_tmu);
      1	  14218   _gumpState.mmid[virtual_tmu] = mmid;
      1	  14219 }
	  14220 
	  14221 extern FX_ENTRY void FX_CALL
	  14222 guFbReadRegion( const int srcX, const int srcY, const int w, const int h, const void *dst, const int strideInBytes )
	  14222 ;
	  14223 
	  14224 extern FX_ENTRY void FX_CALL
	  14225 guFbWriteRegion( const int dstX, const int dstY, const int w, const int h, const void *src, const int strideInBytes)
	  14225 ;
	  14226 
	  14227 
	  14228 /*---------------------------------------------------------------------------
	  14229 **  guFbReadRegion XXX obsolete
	  14230 */
	  14231 GR_ENTRY(guFbReadRegion, void, ( const int srcX, const int srcY, const int w, const int h, const void *dst, const in
	  14231 t strideInBytes ) )
      1	  14232 {
      1	  14233 }
	  14234 
	  14235 /*---------------------------------------------------------------------------
	  14236 **  guFbWriteRegion XXX obsolete
	  14237 */
	  14238 GR_ENTRY(guFbWriteRegion, void, ( const int dstX, const int dstY, const int w, const int h, const void *src, const i
	  14238 nt strideInBytes))
      1	  14239 {
      1	  14240 }

GUMP                            Source Listing                   9-MAY-2021 23:43:09  VSI C V7.4-002-50R2O              Page 3
V1.0                                                             2-FEB-2021 02:11:10  gump.c;1

Command Line
------- ----

CC/DEBUG/NOOP/LIST=[.OUT.DEBUG.OBJ.GLIDE.GLIDE2X.CVG.GLIDE.SRC]GUMP/OBJECT=[.OU
T.DEBUG.OBJ.GLIDE.GLIDE2X.CVG.GLIDE.SRC]GUMP.OBJ/INCLUDE_DIRECTORY=([.GLIDE.SWL
IBS.FXMISC],[.GLIDE.GLIDE2X.CVG.INCSRC],[.GLIDE.GLIDE2X.CVG.GLIDE.SRC],[.GLIDE.
GLIDE2X.CVG.INIT],[.GLIDE.SWLIBS.NEWPCI.PCILIB])/DEFINE=(CVG,GLIDE_USE_C_TRISET
UP,GLIDE_HW_TRI_SETUP=1,GLIDE_TRI_CULLING=1,GLIDE_DEFAULT_GAMMA=1.3F,GLIDE_LIB=
1) [.GLIDE.GLIDE2X.CVG.GLIDE.SRC]GUMP.C

Hardware: /ARCHITECTURE=GENERIC /OPTIMIZE=TUNE=GENERIC

These macros are in effect at the start of the compilation.
----- ------ --- -- ------ -- --- ----- -- --- ------------

 __G_FLOAT=1  __DECC=1  vms=1  VMS=1  __32BITS=1  __PRAGMA_ENVIRONMENT=1 
 __CRTL_VER=80400000  __vms_version="V8.4-2L1"  CC$gfloat=1  __X_FLOAT=1 
 GLIDE_HW_TRI_SETUP=1  GLIDE_USE_C_TRISETUP=1  vms_version="V8.4-2L1" 
 __DATE__="May  9 2021"  __STDC_VERSION__=199901L  __DECC_MODE_RELAXED=1 
 __DECC_VER=70490002  __VMS=1  GLIDE_DEFAULT_GAMMA=1.3F  GLIDE_LIB=1 
 __ALPHA=1  VMS_VERSION="V8.4-2L1"  __IEEE_FLOAT=0  __VMS_VERSION="V8.4-2L1" 
 __TIME__="23:43:09"  __Alpha_AXP=1  __VMS_VER=80421222 
 __BIASED_FLT_ROUNDS=2  CVG=1  __INITIAL_POINTER_SIZE=0  __STDC__=2 
 __LANGUAGE_C__=1  __vms=1  __alpha=1  __D_FLOAT=0  GLIDE_TRI_CULLING=1 

