FXINFO                          Source Listing                   9-MAY-2021 23:43:28  VSI C V7.4-002-50R2O              Page 1
V1.0                                                             2-FEB-2021 02:11:10  fxinfo.c;1

	      1 /*
	      2  ** THIS SOFTWARE IS SUBJECT TO COPYRIGHT PROTECTION AND IS OFFERED ONLY
	      3  ** PURSUANT TO THE 3DFX GLIDE GENERAL PUBLIC LICENSE. THERE IS NO RIGHT
	      4  ** TO USE THE GLIDE TRADEMARK WITHOUT PRIOR WRITTEN PERMISSION OF 3DFX
	      5  ** INTERACTIVE, INC. A COPY OF THIS LICENSE MAY BE OBTAINED FROM THE 
	      6  ** DISTRIBUTOR OR BY CONTACTING 3DFX INTERACTIVE INC(info@3dfx.com). 
	      7  ** THIS PROGRAM IS PROVIDED "AS IS" WITHOUT WARRANTY OF ANY KIND, EITHER 
	      8  ** EXPRESSED OR IMPLIED. SEE THE 3DFX GLIDE GENERAL PUBLIC LICENSE FOR A
	      9  ** FULL TEXT OF THE NON-WARRANTY PROVISIONS.  
	     10  ** 
	     11  ** USE, DUPLICATION OR DISCLOSURE BY THE GOVERNMENT IS SUBJECT TO
	     12  ** RESTRICTIONS AS SET FORTH IN SUBDIVISION (C)(1)(II) OF THE RIGHTS IN
	     13  ** TECHNICAL DATA AND COMPUTER SOFTWARE CLAUSE AT DFARS 252.227-7013,
	     14  ** AND/OR IN SIMILAR OR SUCCESSOR CLAUSES IN THE FAR, DOD OR NASA FAR
	     15  ** SUPPLEMENT. UNPUBLISHED RIGHTS RESERVED UNDER THE COPYRIGHT LAWS OF
	     16  ** THE UNITED STATES.  
	     17  ** 
	     18  ** COPYRIGHT 3DFX INTERACTIVE, INC. 1999, ALL RIGHTS RESERVED
	     19  */
	     20 
	     21 #include <stdlib.h>
	   2664 #include <stdio.h>
	   3727 #include <3dfx.h>
	   3858 #define FX_DLL_DEFINITION
	   3859 #include <fxdll.h>
	   3980 #include "fxpci.h"
	   4243 #include "pcilib.h"
	   4361 
	   4362 const char *
	   4363 pciGetClassName( FxU32 class_code, FxU32 deviceID)
      1	   4364 {
      2	   4365   switch( class_code ) {
      2	   4366     /* Pre-Class Code Devices        */
      2	   4367   case 0x000000:  return "old style non-VGA device";
      2	   4368   case 0x000100:  return "old style VGA-compatible device";
      2	   4369     /* Mass Storage Controllers */
      2	   4370   case 0x010000:  return "SCSI bus controller";
      2	   4371   case 0x010100:  return "IDE Controller";
      2	   4372   case 0x010200:  return "floppy Controller";
      2	   4373   case 0x010300:  return "IPI bus controller";
      2	   4374   case 0x010400:  return "RAID controller";
      2	   4375   case 0x018000:  return "mass storage controller";
      2	   4376     /* Network Controllers */
      2	   4377   case 0x020000:  return "ethernet controller";
      2	   4378   case 0x020100:  return "token ring controller";
      2	   4379   case 0x020200:  return "FDDI controller";
      2	   4380   case 0x020300:  return "ATM controller";
      2	   4381   case 0x028000:  return "network controller";
      2	   4382     /* Display Adapters */
      2	   4383   case 0x030000:  return "VGA-compatible display controller";
      2	   4384   case 0x030001:  return "8514-compatible display controller";
      2	   4385   case 0x030101:  return "XGA-compatible display controller";
      2	   4386   case 0x038000:  return "display controller";
      2	   4387     /* Multimedia Adapters */
      2	   4388   case 0x040000:  return "video multimedia adapter";
      2	   4389   case 0x040100:  return "audio multimedia adapter";
      2	   4390   case 0x048000:  return "multimedia adapter";

FXINFO                          Source Listing                   9-MAY-2021 23:43:28  VSI C V7.4-002-50R2O              Page 2
V1.0                                                             2-FEB-2021 02:11:10  fxinfo.c;1

      2	   4391     /* Memory Controllers */
      2	   4392   case 0x050000:  return "RAM controller";
      2	   4393   case 0x050100:  return "Flash controller";
      2	   4394   case 0x058000:  return "memory controller";
      2	   4395     /* Bridges */
      2	   4396   case 0x060000:  
      3	   4397     switch(deviceID) {
      3	   4398     case 0x84c4:    return "450KX/GX (Orion)";
      3	   4399     case 0x1237:    return "440FX (Natoma)";
      3	   4400     case 0x1250:    return "430HX (Triton II)";
      3	   4401     case 0x7030:    return "430VX (Triton II)";
      3	   4402     case 0x1235:    return "430MX (Triton Mobile)";
      3	   4403     case 0x122d:    return "430FX (Triton)";
      3	   4404     case 0x04a3:    return "430NX/LX (Neptune/Mercury)";
      3	   4405     default:        return "Host bridge";
      2	   4406     }
      2	   4407   case 0x060100:  return "ISA bridge";
      2	   4408   case 0x060200:  return "EISA bridge";
      2	   4409   case 0x060300:  return "MCA bridge";
      2	   4410   case 0x060400:  return "PCI-toPCI bridge";
      2	   4411   case 0x060500:  return "PCMCIA bridge";
      2	   4412   case 0x060600:  return "NuBus bridge";
      2	   4413   case 0x060700:  return "CardBus bridge";
      2	   4414   case 0x068000:  return "bridge";
      2	   4415     /* Communications Devices */
      2	   4416   case 0x070000:  return "XT-compatible serial controller";
      2	   4417   case 0x070001:  return "16450-compatible serial controller";
      2	   4418   case 0x070002:  return "16550-compatible serial controller";
      2	   4419   case 0x070100:  return "parallel port";
      2	   4420   case 0x070101:  return "bidirectional parallel port";
      2	   4421   case 0x070102:  return "ECP 1.X compliant parallel port";
      2	   4422   case 0x078000:  return "communications device";
      2	   4423     /* Generic System Peripherals */
      2	   4424   case 0x080000:  return "8259 PIC";
      2	   4425   case 0x080001:  return "ISA PIC";
      2	   4426   case 0x080002:  return "EISA PIC";
      2	   4427   case 0x080100:  return "8237 DMA controller";
      2	   4428   case 0x080101:  return "ISA DMA controller";
      2	   4429   case 0x080102:  return "EISA DMA controller";
      2	   4430   case 0x080200:  return "8254 system timer";
      2	   4431   case 0x080201:  return "ISA system timer";
      2	   4432   case 0x080202:  return "EISA system timer";
      2	   4433   case 0x080300:  return "generic RTC controller";
      2	   4434   case 0x080301:  return "ISA RTC controller";
      2	   4435   case 0x088000:  return "system peripheral";
      2	   4436     /* Input Devices */
      2	   4437   case 0x090000:  return "keyboard controller";
      2	   4438   case 0x090100:  return "pen digitizer";
      2	   4439   case 0x090200:  return "mouse controller";
      2	   4440   case 0x098000:  return "input device";
      2	   4441     /* Docking Stations */
      2	   4442   case 0x0A0000:  return "generic docking station";
      2	   4443   case 0x0A8000:  return "docking station";
      2	   4444     /* Processors */
      2	   4445   case 0x0B0000:  return "386";
      2	   4446   case 0x0B0100:  return "486";
      2	   4447   case 0x0B0200:  return "Pentium";

FXINFO                          Source Listing                   9-MAY-2021 23:43:28  VSI C V7.4-002-50R2O              Page 3
V1.0                                                             2-FEB-2021 02:11:10  fxinfo.c;1

      2	   4448   case 0x0B1000:  return "Alpha";
      2	   4449   case 0x0B2000:  return "PowerPC";
      2	   4450   case 0x0B4000:  return "co-processor";
      2	   4451     /* Serial Bus Controllers */
      2	   4452   case 0x0C0000:  return "FireWire( IEEE 1394 )";
      2	   4453   case 0x0C0100:  return "ACCESS.bus";
      2	   4454   case 0x0C0200:  return "SSA";
      2	   4455   case 0x0C0300:  return "USB";
      2	   4456   case 0x0C0400:  return "FibreChannel";
      2	   4457   default:                return "???";
      1	   4458   }
      1	   4459 } /* end pciGetClassName() */
	   4460   
	   4461 
	   4462 
	   4463 const char *
	   4464 pciGetVendorName( FxU16 vendor_id )
      1	   4465 {
      1	   4466   /* These come vrom http://www.pcisig.com/siginfo */
      2	   4467   switch( vendor_id ) {
      2	   4468   case 0x1002:    return "ATI TECHNOLOGIES INC";
      2	   4469   case 0x1003:    return "ULSI SYSTEMS";
      2	   4470   case 0x1004:    return "VLSI TECHNOLOGY INC";
      2	   4471   case 0x1006:    return "REPLY GROUP";
      2	   4472   case 0x1007:    return "NETFRAME SYSTEMS INC";
      2	   4473   case 0x100a:    return "PHOENIX TECHNOLOGIES";
      2	   4474   case 0x100b:    return "NATIONAL SEMICONDUCTOR CORPORATION";
      2	   4475   case 0x100c:    return "TSENG LABS INC";
      2	   4476   case 0x100d:    return "AST COMPUTER";
      2	   4477   case 0x100e:    return "WEITEK";
      2	   4478   case 0x1010:    return "VIDEO LOGIC LTD";
      2	   4479   case 0x1011:    return "DIGITAL EQUIPMENT CORPORATION";
      2	   4480   case 0x1012:    return "MICRONICS COMPUTERS INC";
      2	   4481   case 0x1013:    return "CIRRUS LOGIC";
      2	   4482   case 0x1014:    return "IBM";
      2	   4483   case 0x1015:    return "LSI LOGIC CORPORATION";
      2	   4484   case 0x1016:    return "ICL PERSONAL SYSTEMS";
      2	   4485   case 0x1017:    return "SPEA SOFTWARE AG";
      2	   4486   case 0x1018:    return "UNISYS CORPORATION";
      2	   4487   case 0x101a:    return "AT&T GIS (NCR)";
      2	   4488   case 0x101b:    return "VITESSE SEMICONDUCTOR";
      2	   4489   case 0x101e:    return "AMERICAN MEGATRENDS";
      2	   4490   case 0x101f:    return "PICTURETEL";
      2	   4491   case 0x1020:    return "HITACHI COMPUTER PRODUCTS";
      2	   4492   case 0x1021:    return "OKI ELECTRIC INDUSTRY CO. LTD.";
      2	   4493   case 0x1022:    return "ADVANCED MICRO DEVICES";
      2	   4494   case 0x1023:    return "TRIDENT MICROSYSTEMS";
      2	   4495   case 0x1025:    return "ACER INCORPORATED";
      2	   4496   case 0x1028:    return "DELL COMPUTER CORPORATION";
      2	   4497   case 0x102b:    return "MATROX GRAPHICS, INC.";
      2	   4498   case 0x102c:    return "CHIPS AND TECHNOLOGIES";
      2	   4499   case 0x102d:    return "WYSE TECHNOLOGY";
      2	   4500   case 0x102e:    return "OLIVETTI ADVANCED TECHNOLOGY";
      2	   4501   case 0x102f:    return "Toshiba";
      2	   4502   case 0x1030:    return "TMC RESEARCH";
      2	   4503   case 0x1031:    return "MIRO COMPUTER PRODUCTS AG";
      2	   4504   case 0x1033:    return "NEC Corporation";

FXINFO                          Source Listing                   9-MAY-2021 23:43:28  VSI C V7.4-002-50R2O              Page 4
V1.0                                                             2-FEB-2021 02:11:10  fxinfo.c;1

      2	   4505   case 0x1034:    return "FRAMATOME CONNECTORS USA INC.";
      2	   4506   case 0x1035:    return "INDUSTRIAL TECHNOLOGY RESEARCH INSTITUTE";
      2	   4507   case 0x1036:    return "FUTURE DOMAIN CORP.";
      2	   4508   case 0x1037:    return "HITACHI MICRO SYSTEMS";
      2	   4509   case 0x1038:    return "AMP, INC";
      2	   4510   case 0x1039:    return "SILICON INTEGRATED SYSTEMS";
      2	   4511   case 0x103a:    return "SEIKO EPSON CORPORATION";
      2	   4512   case 0x103b:    return "TATUNG CO. OF AMERICA";
      2	   4513   case 0x103c:    return "HEWLETT PACKARD";
      2	   4514   case 0x103e:    return "SOLLIDAY ENGINEERING";
      2	   4515   case 0x103f:    return "SYNOPSYS/LOGIC MODELING GROUP";
      2	   4516   case 0x1040:    return "ACCELGRAPHICS INC.";
      2	   4517   case 0x1042:    return "PC TECHNOLOGY INC";
      2	   4518   case 0x1043:    return "ASUSTEK COMPUTER, INC.";
      2	   4519   case 0x1044:    return "DISTRIBUTED PROCESSING TECHNOLOGY";
      2	   4520   case 0x1045:    return "OPTI INC.";
      2	   4521   case 0x1046:    return "IPC CORPORATION, LTD.";
      2	   4522   case 0x1047:    return "GENOA SYSTEMS CORP";
      2	   4523   case 0x1048:    return "ELSA GMBH";
      2	   4524   case 0x1049:    return "FOUNTAIN TECHNOLOGIES, INC.";
      2	   4525   case 0x104a:    return "SGS THOMSON MICROELECTRONICS";
      2	   4526   case 0x104b:    return "BUSLOGIC";
      2	   4527   case 0x104c:    return "TEXAS INSTRUMENTS";
      2	   4528   case 0x104d:    return "SONY CORPORATION";
      2	   4529   case 0x104e:    return "OAK TECHNOLOGY, INC";
      2	   4530   case 0x104f:    return "CO-TIME COMPUTER LTD";
      2	   4531   case 0x1050:    return "WINBOND ELECTRONICS CORP";
      2	   4532   case 0x1051:    return "ANIGMA, INC.";
      2	   4533   case 0x1053:    return "YOUNG MICRO SYSTEMS";
      2	   4534   case 0x1054:    return "HITACHI, LTD";
      2	   4535   case 0x1057:    return "MOTOROLA";
      2	   4536   case 0x1058:    return "ETRI";
      2	   4537   case 0x1059:    return "TEKNOR MICROSYSTEMS";
      2	   4538   case 0x105a:    return "PROMISE TECHNOLOGY, INC.";
      2	   4539   case 0x105b:    return "FOXCONN INTERNATIONAL, INC.";
      2	   4540   case 0x105c:    return "WIPRO INFOTECH LIMITED";
      2	   4541   case 0x105d:    return "NUMBER 9 VISUAL TECHNOLOGY";
      2	   4542   case 0x105e:    return "VTECH COMPUTERS LTD";
      2	   4543   case 0x105f:    return "INFOTRONIC AMERICA INC";
      2	   4544   case 0x1060:    return "UNITED MICROELECTRONICS";
      2	   4545   case 0x1061:    return "I.I.T.";
      2	   4546   case 0x1062:    return "MASPAR COMPUTER CORP";
      2	   4547   case 0x1063:    return "OCEAN OFFICE AUTOMATION";
      2	   4548   case 0x1064:    return "ALCATEL CIT";
      2	   4549   case 0x1065:    return "TEXAS MICROSYSTEMS";
      2	   4550   case 0x1066:    return "PICOPOWER TECHNOLOGY";
      2	   4551   case 0x1067:    return "MITSUBISHI ELECTRONICS";
      2	   4552   case 0x1068:    return "DIVERSIFIED TECHNOLOGY";
      2	   4553   case 0x1069:    return "MYLEX CORPORATION";
      2	   4554   case 0x106a:    return "ATEN RESEARCH INC";
      2	   4555   case 0x106b:    return "APPLE COMPUTER INC.";
      2	   4556   case 0x106c:    return "HYUNDAI ELECTRONICS AMERICA";
      2	   4557   case 0x106d:    return "SEQUENT COMPUTER SYSTEMS";
      2	   4558   case 0x106e:    return "DFI, INC";
      2	   4559   case 0x106f:    return "CITY GATE DEVELOPMENT LTD";
      2	   4560   case 0x1070:    return "DAEWOO TELECOM LTD";
      2	   4561   case 0x1071:    return "MITAC";

FXINFO                          Source Listing                   9-MAY-2021 23:43:28  VSI C V7.4-002-50R2O              Page 5
V1.0                                                             2-FEB-2021 02:11:10  fxinfo.c;1

      2	   4562   case 0x1072:    return "GIT CO LTD";
      2	   4563   case 0x1073:    return "YAMAHA CORPORATION";
      2	   4564   case 0x1074:    return "NEXGEN MICROSYSTEMS";
      2	   4565   case 0x1075:    return "ADVANCED INTEGRATION RES.";
      2	   4566   case 0x1077:    return "Q LOGIC";
      2	   4567   case 0x1078:    return "CYRIX CORPORATION";
      2	   4568   case 0x1079:    return "I-BUS";
      2	   4569   case 0x107a:    return "NETWORTH";
      2	   4570   case 0x107b:    return "GATEWAY 2000";
      2	   4571   case 0x107c:    return "LG ELECTRONICS";
      2	   4572   case 0x107d:    return "LEADTEK RESEARCH INC.";
      2	   4573   case 0x107e:    return "INTERPHASE CORPORATION";
      2	   4574   case 0x107f:    return "DATA TECHNOLOGY CORPORATION";
      2	   4575   case 0x1080:    return "CYPRESS SEMICONDUCTOR";
      2	   4576   case 0x1081:    return "RADIUS, INC.";
      2	   4577   case 0x1083:    return "FOREX COMPUTER CORPORATION";
      2	   4578   case 0x1084:    return "PARADOR";
      2	   4579   case 0x1085:    return "TULIP COMPUTERS INT.B.V.";
      2	   4580   case 0x1086:    return "J. BOND COMPUTER SYSTEMS";
      2	   4581   case 0x1088:    return "MICROCOMPUTER SYSTEMS (M) SON";
      2	   4582   case 0x108a:    return "BIT 3 COMPUTER";
      2	   4583   case 0x108c:    return "OAKLEIGH SYSTEMS INC.";
      2	   4584   case 0x108d:    return "OLICOM";
      2	   4585   case 0x108e:    return "SUN MICROSYSTEMS COMPUTER CORP.";
      2	   4586   case 0x108f:    return "SYSTEMSOFT";
      2	   4587   case 0x1090:    return "ENCORE COMPUTER CORPORATION";
      2	   4588   case 0x1091:    return "INTERGRAPH CORPORATION";
      2	   4589   case 0x1092:    return "DIAMOND MULTIMEDIA SYSTEMS";
      2	   4590   case 0x1093:    return "NATIONAL INSTRUMENTS";
      2	   4591   case 0x1094:    return "FIRST INT'L COMPUTERS";
      2	   4592   case 0x1095:    return "CMD TECHNOLOGY INC";
      2	   4593   case 0x1096:    return "ALACRON";
      2	   4594   case 0x1097:    return "APPIAN/ETMA";
      2	   4595   case 0x1098:    return "QUANTUM DESIGNS (H.K.) LTD";
      2	   4596   case 0x1099:    return "SAMSUNG ELECTRONICS CO., LTD";
      2	   4597   case 0x109a:    return "PACKARD BELL";
      2	   4598   case 0x109b:    return "GEMLIGHT COMPUTER LTD.";
      2	   4599   case 0x109c:    return "MEGACHIPS CORPORATION";
      2	   4600   case 0x109d:    return "ZIDA TECHNOLOGIES LTD.";
      2	   4601   case 0x109e:    return "BROOKTREE CORPORATION";
      2	   4602   case 0x109f:    return "TRIGEM COMPUTER INC.";
      2	   4603   case 0x10a0:    return "MEIDENSHA CORPORATION";
      2	   4604   case 0x10a1:    return "JUKO ELECTRONICS IND. CO. LTD";
      2	   4605   case 0x10a2:    return "QUANTUM CORPORATION";
      2	   4606   case 0x10a4:    return "GLOBE MANUFACTURING SALES";
      2	   4607   case 0x10a6:    return "RACAL INTERLAN";
      2	   4608   case 0x10a7:    return "INFORMTECH INDUSTRIAL LTD.";
      2	   4609   case 0x10a8:    return "SIERRA SEMICONDUCTOR";
      2	   4610   case 0x10a9:    return "SILICON GRAPHICS";
      2	   4611   case 0x10aa:    return "ACC MICROELECTRONICS";
      2	   4612   case 0x10ab:    return "DIGICOM";
      2	   4613   case 0x10ac:    return "HONEYWELL, INC.";
      2	   4614   case 0x10ad:    return "SYMPHONY LABS";
      2	   4615   case 0x10ae:    return "CORNERSTONE IMAGING";
      2	   4616   case 0x10af:    return "MICRO COMPUTER SYSYTEMS INC";
      2	   4617   case 0x10b0:    return "CARDEXPERT TECHNOLOGY";
      2	   4618   case 0x10b1:    return "CABLETRON SYSTEMS INC";

FXINFO                          Source Listing                   9-MAY-2021 23:43:28  VSI C V7.4-002-50R2O              Page 6
V1.0                                                             2-FEB-2021 02:11:10  fxinfo.c;1

      2	   4619   case 0x10b2:    return "RAYTHEON COMPANY";
      2	   4620   case 0x10b3:    return "DATABOOK INC";
      2	   4621   case 0x10b4:    return "STB SYSTEMS INC";
      2	   4622   case 0x10b5:    return "PLX TECHNOLOGY, INC.";
      2	   4623   case 0x10b6:    return "MADGE NETWORKS";
      2	   4624   case 0x10b7:    return "3COM CORPORATION";
      2	   4625   case 0x10b8:    return "STANDARD MICROSYSTEMS";
      2	   4626   case 0x10ba:    return "MITSUBISHI ELECTRIC CORP.";
      2	   4627   case 0x10bb:    return "DAPHA ELECTRONICS CORPORATION";
      2	   4628   case 0x10bc:    return "ADVANCED LOGIC RESEARCH";
      2	   4629   case 0x10bd:    return "SURECOM TECHNOLOGY";
      2	   4630   case 0x10be:    return "TSENGLABS INTERNATIONAL CO.";
      2	   4631   case 0x10bf:    return "MOST INC";
      2	   4632   case 0x10c0:    return "BOCA RESEARCH INC.";
      2	   4633   case 0x10c1:    return "ICM CO., LTD.";
      2	   4634   case 0x10c2:    return "AUSPEX SYSTEMS INC.";
      2	   4635   case 0x10c3:    return "SAMSUNG SEMICONDUCTOR , INC.";
      2	   4636   case 0x10c4:    return "AWARD SOFTWARE";
      2	   4637   case 0x10c5:    return "XEROX CORPORATION";
      2	   4638   case 0x10c6:    return "RAMBUS INC.";
      2	   4639   case 0x10c8:    return "NEOMAGIC CORPORATION";
      2	   4640   case 0x10c9:    return "DATAEXPERT CORPORATION";
      2	   4641   case 0x10ca:    return "FUJITSU MICROELECTR., INC.";
      2	   4642   case 0x10cb:    return "OMRON CORPORATION";
      2	   4643   case 0x10cc:    return "MENTOR ARC INC";
      2	   4644   case 0x10cd:    return "ADVANCED SYSTEM PRODUCTS, INC";
      2	   4645   case 0x10cf:    return "CITICORP TTI";
      2	   4646   case 0x10d0:    return "FUJITSU LIMITED";
      2	   4647   case 0x10d1:    return "FUTUREPLUS SYSTEMS CORP.";
      2	   4648   case 0x10d2:    return "MOLEX INCORPORATED";
      2	   4649   case 0x10d3:    return "JABIL CIRCUIT INC";
      2	   4650   case 0x10d4:    return "HUALON MICROELECTRONICS";
      2	   4651   case 0x10d5:    return "AUTOLOGIC INC.";
      2	   4652   case 0x10d6:    return "CETIA";
      2	   4653   case 0x10d7:    return "BCM ADVANCED RESEARCH";
      2	   4654   case 0x10d8:    return "ADVANCED PERIPHERALS LABS";
      2	   4655   case 0x10d9:    return "MACRONIX, INC.";
      2	   4656   case 0x10da:    return "COMPAQ IPG-AUSTIN";
      2	   4657   case 0x10db:    return "ROHM LSI SYSTEMS, INC.";
      2	   4658   case 0x10dc:    return "CERN/ECP/EDU";
      2	   4659   case 0x10dd:    return "EVANS & SUTHERLAND";
      2	   4660   case 0x10de:    return "NVIDIA CORPORATION";
      2	   4661   case 0x10df:    return "EMULEX CORPORATION";
      2	   4662   case 0x10e0:    return "INTEGRATED MICRO SOLUTIONS INC.";
      2	   4663   case 0x10e1:    return "TEKRAM TECHNOLOGY CO.,LTD.";
      2	   4664   case 0x10e2:    return "APTIX CORPORATION";
      2	   4665   case 0x10e3:    return "NEWBRIDGE MICROSYSTEMS";
      2	   4666   case 0x10e4:    return "TANDEM COMPUTERS";
      2	   4667   case 0x10e5:    return "MICRO INDUSTRIES CORPORATION";
      2	   4668   case 0x10e6:    return "GAINBERY COMPUTER PRODUCTS INC.";
      2	   4669   case 0x10e7:    return "VADEM";
      2	   4670   case 0x10e8:    return "APPLIED MICRO CIRCUITS CORPORATION";
      2	   4671   case 0x10e9:    return "ALPS ELECTRIC CO. LTD.";
      2	   4672   case 0x10ea:    return "INTEGRAPHICS SYSTEMS";
      2	   4673   case 0x10eb:    return "ARTISTS GRAPHICS";
      2	   4674   case 0x10ec:    return "REALTEK SEMICONDUCTOR CO., LTD.";
      2	   4675   case 0x10ed:    return "ASCII CORPORATION";

FXINFO                          Source Listing                   9-MAY-2021 23:43:28  VSI C V7.4-002-50R2O              Page 7
V1.0                                                             2-FEB-2021 02:11:10  fxinfo.c;1

      2	   4676   case 0x10ee:    return "XILINX, INC.";
      2	   4677   case 0x10ef:    return "RACORE COMPUTER PRODUCTS, INC.";
      2	   4678   case 0x10f0:    return "PERITEK CORPORATION";
      2	   4679   case 0x10f1:    return "TYAN COMPUTER";
      2	   4680   case 0x10f2:    return "ACHME COMPUTER INC.";
      2	   4681   case 0x10f3:    return "ALARIS, INC.";
      2	   4682   case 0x10f4:    return "S-MOS SYSTEMS";
      2	   4683   case 0x10f5:    return "NKK CORPORATION";
      2	   4684   case 0x10f6:    return "CREATIVE ELECTRONIC SYSTEMS SA";
      2	   4685   case 0x10f7:    return "MATSUSHITA ELECTRIC INDUSTRIAL CO., LTD.";
      2	   4686   case 0x10f8:    return "ALTOS INDIA LTD";
      2	   4687   case 0x10f9:    return "PC DIRECT";
      2	   4688   case 0x10fa:    return "TRUEVISION";
      2	   4689   case 0x10fb:    return "THESYS GES. F. MIKROELEKTRONIK MGH";
      2	   4690   case 0x10fc:    return "I-O DATA DEVICE, INC.";
      2	   4691   case 0x10fd:    return "SOYO COMPUTER, INC";
      2	   4692   case 0x10fe:    return "FAST MULTIMEDIA AG";
      2	   4693   case 0x10ff:    return "NCUBE";
      2	   4694   case 0x1100:    return "JAZZ MULTIMEDIA";
      2	   4695   case 0x1101:    return "INITIO CORPORATION";
      2	   4696   case 0x1102:    return "CREATIVE LABS";
      2	   4697   case 0x1103:    return "TRIONES TECHNOLOGIES, INC.";
      2	   4698   case 0x1104:    return "RASTEROPS CORP.";
      2	   4699   case 0x1105:    return "SIGMA DESIGNS, INC";
      2	   4700   case 0x1106:    return "VIA TECHNOLOGIES, INC.";
      2	   4701   case 0x1107:    return "STRATUS COMPUTER";
      2	   4702   case 0x1108:    return "PROTEON, INC.";
      2	   4703   case 0x1109:    return "COGENT DATA TECHNOLOGIES, INC.";
      2	   4704   case 0x110a:    return "SIEMENS NIXDORF AG";
      2	   4705   case 0x110b:    return "CHROMATIC RESEARCH INC.";
      2	   4706   case 0x110c:    return "MINI-MAX TECHNOLOGY, INC.";
      2	   4707   case 0x110d:    return "ZNYX ADVANCED SYSTEMS";
      2	   4708   case 0x110e:    return "CPU TECHNOLOGY";
      2	   4709   case 0x110f:    return "ROSS TECHNOLOGY";
      2	   4710   case 0x1111:    return "SANTA CRUZ OPERATION";
      2	   4711   case 0x1112:    return "RNS";
      2	   4712   case 0x1113:    return "ACCTON TECHNOLOGY CORPORATION";
      2	   4713   case 0x1114:    return "ATMEL CORPORATION";
      2	   4714   case 0x1116:    return "DATA TRANSLATION";
      2	   4715   case 0x1117:    return "DATACUBE, INC";
      2	   4716   case 0x1118:    return "BERG ELECTRONICS";
      2	   4717   case 0x1119:    return "VORTEX COMPUTERSYSTEME GMBH";
      2	   4718   case 0x111a:    return "EFFICIENT NETWORKS, INC";
      2	   4719   case 0x111b:    return "LITTON GCS";
      2	   4720   case 0x111c:    return "TRICORD SYSTEMS";
      2	   4721   case 0x111d:    return "INTEGRATED DEVICE TECH";
      2	   4722   case 0x111e:    return "WESTERN DIGITAL";
      2	   4723   case 0x111f:    return "PRECISION DIGITAL IMAGES";
      2	   4724   case 0x1120:    return "EMC CORPORATION";
      2	   4725   case 0x1121:    return "ZILOG";
      2	   4726   case 0x1122:    return "MULTI-TECH SYSTEMS, INC.";
      2	   4727   case 0x1123:    return "EXCELLENT DESIGN, INC.";
      2	   4728   case 0x1124:    return "LEUTRON VISION AG";
      2	   4729   case 0x1127:    return "FORE SYSTEMS INC";
      2	   4730   case 0x1129:    return "FIRMWORKS";
      2	   4731   case 0x112a:    return "HERMES ELECTRONICS COMPANY, LTD.";
      2	   4732   case 0x112b:    return "LINOTYPE - HELL AG";

FXINFO                          Source Listing                   9-MAY-2021 23:43:28  VSI C V7.4-002-50R2O              Page 8
V1.0                                                             2-FEB-2021 02:11:10  fxinfo.c;1

      2	   4733   case 0x112c:    return "ZENITH DATA SYSTEMS";
      2	   4734   case 0x112d:    return "RAVICAD";
      2	   4735   case 0x112f:    return "IMAGING TECHNOLOGY, INC";
      2	   4736   case 0x1130:    return "COMPUTERVISION";
      2	   4737   case 0x1131:    return "PHILIPS SEMICONDUCTORS";
      2	   4738   case 0x1132:    return "MITEL CORP.";
      2	   4739   case 0x1133:    return "EICON TECHNOLOGY CORPORATION";
      2	   4740   case 0x1134:    return "MERCURY COMPUTER SYSTEMS";
      2	   4741   case 0x1135:    return "FUJI XEROX CO LTD";
      2	   4742   case 0x1136:    return "MOMENTUM DATA SYSTEMS";
      2	   4743   case 0x1137:    return "CISCO SYSTEMS INC";
      2	   4744   case 0x1138:    return "ZIATECH CORPORATION";
      2	   4745   case 0x1139:    return "DYNAMIC PICTURES, INC";
      2	   4746   case 0x113a:    return "FWB INC";
      2	   4747   case 0x113b:    return "NETWORK COMPUTING DEVICES";
      2	   4748   case 0x113c:    return "CYCLONE MICROSYSTEMS, INC.";
      2	   4749   case 0x113d:    return "LEADING EDGE PRODUCTS INC";
      2	   4750   case 0x113e:    return "SANYO ELECTRIC CO";
      2	   4751   case 0x113f:    return "EQUINOX SYSTEMS, INC.";
      2	   4752   case 0x1140:    return "INTERVOICE INC";
      2	   4753   case 0x1141:    return "CREST MICROSYSTEM INC";
      2	   4754   case 0x1142:    return "ALLIANCE SEMICONDUCTOR CORPORATION";
      2	   4755   case 0x1143:    return "NETPOWER, INC";
      2	   4756   case 0x1144:    return "VICKERS, INC.";
      2	   4757   case 0x1145:    return "WORKBIT CORPORATION";
      2	   4758   case 0x1146:    return "FORCE COMPUTERS";
      2	   4759   case 0x1147:    return "INTERFACE CORP";
      2	   4760   case 0x1148:    return "SYSKONNECT";
      2	   4761   case 0x1149:    return "WIN SYSTEM CORPORATION";
      2	   4762   case 0x114a:    return "VMIC";
      2	   4763   case 0x114b:    return "CANOPUS CO., LTD";
      2	   4764   case 0x114c:    return "ANNABOOKS";
      2	   4765   case 0x114d:    return "IC CORPORATION";
      2	   4766   case 0x114e:    return "NIKON SYSTEMS INC";
      2	   4767   case 0x114f:    return "DIGI INTERNATIONAL";
      2	   4768   case 0x1150:    return "THINKING MACHINES CORP";
      2	   4769   case 0x1151:    return "JAE ELECTRONICS INC.";
      2	   4770   case 0x1152:    return "MEGATEK";
      2	   4771   case 0x1153:    return "LAND WIN ELECTRONIC CORP";
      2	   4772   case 0x1154:    return "MELCO INC";
      2	   4773   case 0x1155:    return "PINE TECHNOLOGY LTD";
      2	   4774   case 0x1156:    return "PERISCOPE ENGINEERING";
      2	   4775   case 0x1157:    return "AVSYS CORPORATION";
      2	   4776   case 0x1158:    return "VORAX R & D INC";
      2	   4777   case 0x1159:    return "MUTECH CORP";
      2	   4778   case 0x115a:    return "HARLEQUIN LTD";
      2	   4779   case 0x115b:    return "PARALLAX GRAPHICS";
      2	   4780   case 0x115c:    return "PHOTRON LTD.";
      2	   4781   case 0x115d:    return "Netaccess";
      2	   4782   case 0x115f:    return "MAXTOR CORPORATION";
      2	   4783   case 0x1160:    return "MEGASOFT INC";
      2	   4784   case 0x1161:    return "PFU LIMITED";
      2	   4785   case 0x1162:    return "OA LABORATORY CO LTD";
      2	   4786   case 0x1163:    return "RENDITION";
      2	   4787   case 0x1164:    return "ADVANCED PERIPHERALS TECH";
      2	   4788   case 0x1165:    return "IMAGRAPH CORPORATION";
      2	   4789   case 0x1166:    return "Ross Computer";

FXINFO                          Source Listing                   9-MAY-2021 23:43:28  VSI C V7.4-002-50R2O              Page 9
V1.0                                                             2-FEB-2021 02:11:10  fxinfo.c;1

      2	   4790   case 0x1167:    return "MUTOH INDUSTRIES INC";
      2	   4791   case 0x1168:    return "THINE ELECTRONICS INC";
      2	   4792   case 0x1169:    return "CENTRE FOR DEV. OF ADVANCED COMPUTING";
      2	   4793   case 0x116a:    return "POLARIS COMMUNICATIONS";
      2	   4794   case 0x116b:    return "CONNECTWARE INC";
      2	   4795   case 0x116c:    return "INTELLIGENT RESOURCES INTEGRATED SYSTEMS";
      2	   4796   case 0x116e:    return "ELECTRONICS FOR IMAGING";
      2	   4797   case 0x116f:    return "WORKSTATION TECHNOLOGY";
      2	   4798   case 0x1170:    return "INVENTEC CORPORATION";
      2	   4799   case 0x1171:    return "LOUGHBOROUGH SOUND IMAGES PLC";
      2	   4800   case 0x1172:    return "ALTERA CORPORATION";
      2	   4801   case 0x1173:    return "ADOBE SYSTEMS, INC";
      2	   4802   case 0x1174:    return "BRIDGEPORT MACHINES";
      2	   4803   case 0x1175:    return "MITRON COMPUTER INC.";
      2	   4804   case 0x1176:    return "SBE INCORPORATED";
      2	   4805   case 0x1177:    return "SILICON ENGINEERING";
      2	   4806   case 0x1178:    return "ALFA, INC.";
      2	   4807   case 0x1179:    return "TOSHIBA AMERICA INFO SYSTEMS";
      2	   4808   case 0x117a:    return "A-TREND TECHNOLOGY";
      2	   4809   case 0x117b:    return "L G ELECTRONICS, INC.";
      2	   4810   case 0x117c:    return "ATTO TECHNOLOGY";
      2	   4811   case 0x117d:    return "BECTON DICKINSON";
      2	   4812   case 0x117e:    return "T/R SYSTEMS";
      2	   4813   case 0x117f:    return "INTEGRATED CIRCUIT SYSTEMS";
      2	   4814   case 0x1180:    return "RICOH CO LTD";
      2	   4815   case 0x1183:    return "FUJIKURA LTD";
      2	   4816   case 0x1184:    return "FORKS INC";
      2	   4817   case 0x1185:    return "DATAWORLD INT'L LTD";
      2	   4818   case 0x1186:    return "D-LINK SYSTEM INC";
      2	   4819   case 0x1187:    return "ADVANCED TECHNOLOGY LABORATORIES, INC.";
      2	   4820   case 0x1188:    return "SHIMA SEIKI MANUFACTURING LTD.";
      2	   4821   case 0x1189:    return "MATSUSHITA ELECTRONICS CO LTD";
      2	   4822   case 0x118a:    return "HILEVEL TECHNOLOGY";
      2	   4823   case 0x118b:    return "HYPERTEC PTY LIMITED";
      2	   4824   case 0x118c:    return "COROLLARY, INC";
      2	   4825   case 0x118d:    return "BITFLOW INC";
      2	   4826   case 0x118e:    return "HERMSTEDT GMBH";
      2	   4827   case 0x118f:    return "GREEN LOGIC";
      2	   4828   case 0x1191:    return "ARTOP ELECTRONIC CORP";
      2	   4829   case 0x1192:    return "DENSAN COMPANY LTD";
      2	   4830   case 0x1193:    return "Cabletron";
      2	   4831   case 0x1194:    return "TOUCAN TECHNOLOGY";
      2	   4832   case 0x1195:    return "RATOC SYSTEM INC";
      2	   4833   case 0x1196:    return "HYTEC ELECTRONICS LTD";
      2	   4834   case 0x1197:    return "GAGE APPLIED SCIENCES, INC.";
      2	   4835   case 0x1198:    return "LAMBDA SYSTEMS INC";
      2	   4836   case 0x1199:    return "ATTACHMATE CORPORATION";
      2	   4837   case 0x119a:    return "MIND SHARE, INC.";
      2	   4838   case 0x119b:    return "OMEGA MICRO INC.";
      2	   4839   case 0x119c:    return "INFORMATION TECHNOLOGY INST.";
      2	   4840   case 0x119d:    return "BUG, INC.";
      2	   4841   case 0x119e:    return "FUJITSU MICROELECTRONICS LTD.";
      2	   4842   case 0x119f:    return "BULL HN INFORMATION SYSTEMS";
      2	   4843   case 0x11a1:    return "HAMAMATSU PHOTONICS K.K.";
      2	   4844   case 0x11a2:    return "SIERRA RESEARCH AND TECHNOLOGY";
      2	   4845   case 0x11a3:    return "DEURETZBACHER GMBH & CO. ENG. KG";
      2	   4846   case 0x11a4:    return "BARCO GRAPHICS NV";

FXINFO                          Source Listing                   9-MAY-2021 23:43:28  VSI C V7.4-002-50R2O              Page 10
V1.0                                                             2-FEB-2021 02:11:10  fxinfo.c;1

      2	   4847   case 0x11a5:    return "MICROUNITY SYSTEMS ENG. INC";
      2	   4848   case 0x11a6:    return "PURE DATA LTD.";
      2	   4849   case 0x11a7:    return "POWER COMPUTING CORP.";
      2	   4850   case 0x11a8:    return "SYSTECH CORP.";
      2	   4851   case 0x11a9:    return "INNOSYS";
      2	   4852   case 0x11aa:    return "ACTEL";
      2	   4853   case 0x11ab:    return "GALILEO TECHNOLOGY LTD.";
      2	   4854   case 0x11ac:    return "CANON INFO. SYS. RESEARCH AUST.";
      2	   4855   case 0x11ad:    return "LITE-ON COMMUNICATIONS INC";
      2	   4856   case 0x11ae:    return "SCITEX CORPORATION";
      2	   4857   case 0x11af:    return "PRO-LOG CORPORATION";
      2	   4858   case 0x11b0:    return "V3 SEMICONDUCTOR INC.";
      2	   4859   case 0x11b1:    return "APRICOT COMPUTERS";
      2	   4860   case 0x11b2:    return "EASTMAN KODAK";
      2	   4861   case 0x11b3:    return "BARR SYSTEMS INC.";
      2	   4862   case 0x11b4:    return "LEITCH TECHNOLOGY INTERNATIONAL";
      2	   4863   case 0x11b5:    return "RADSTONE TECHNOLOGY PLC";
      2	   4864   case 0x11b6:    return "UNITED VIDEO CORP";
      2	   4865   case 0x11b8:    return "XPOINT TECHNOLOGIES, INC";
      2	   4866   case 0x11b9:    return "PATHLIGHT TECHNOLOGY INC";
      2	   4867   case 0x11ba:    return "VIDEOTRON CORP";
      2	   4868   case 0x11bb:    return "PYRAMID TECHNOLOGY";
      2	   4869   case 0x11bc:    return "NETWORK PERIPHERALS INC";
      2	   4870   case 0x11bd:    return "PINNACLE SYSTEMS INC.";
      2	   4871   case 0x11be:    return "INTERNATIONAL MICROCIRCUITS INC";
      2	   4872   case 0x11bf:    return "ASTRODESIGN, INC.";
      2	   4873   case 0x11c1:    return "AT&T MICROELECTRONICS";
      2	   4874   case 0x11c2:    return "SAND MICROELECTRONICS";
      2	   4875   case 0x11c4:    return "DOCUMENT TECHNOLOGIES, INC";
      2	   4876   case 0x11c5:    return "SHIVA CORPORATION";
      2	   4877   case 0x11c6:    return "DAINIPPON SCREEN MFG. CO. LTD";
      2	   4878   case 0x11c7:    return "D.C.M. DATA SYSTEMS";
      2	   4879   case 0x11c8:    return "DOLPHIN INTERCONNECT SOLUTIONS AS";
      2	   4880   case 0x11c9:    return "MAGMA";
      2	   4881   case 0x11ca:    return "LSI SYSTEMS, INC";
      2	   4882   case 0x11cb:    return "SPECIALIX RESEARCH LTD";
      2	   4883   case 0x11cc:    return "MICHELS & KLEBERHOFF COMPUTER GMBH";
      2	   4884   case 0x11cd:    return "HAL COMPUTER SYSTEMS, INC.";
      2	   4885   case 0x11ce:    return "Netaccess";
      2	   4886   case 0x11cf:    return "PIONEER ELECTRONIC CORPORATION";
      2	   4887   case 0x11d0:    return "LOCKHEED MARTIN FEDERAL SYSTEMS-MANASSAS";
      2	   4888   case 0x11d1:    return "AURAVISION";
      2	   4889   case 0x11d2:    return "INTERCOM INC.";
      2	   4890   case 0x11d3:    return "TRANCELL SYSTEMS INC";
      2	   4891   case 0x11d4:    return "ANALOG DEVICES";
      2	   4892   case 0x11d5:    return "IKON CORPORATION";
      2	   4893   case 0x11d6:    return "TEKELEC TELECOM";
      2	   4894   case 0x11d7:    return "TRENTON TECHNOLOGY, INC.";
      2	   4895   case 0x11d8:    return "IMAGE TECHNOLOGIES DEVELOPMENT";
      2	   4896   case 0x11d9:    return "TEC CORPORATION";
      2	   4897   case 0x11da:    return "NOVELL";
      2	   4898   case 0x11db:    return "SEGA ENTERPRISES LTD";
      2	   4899   case 0x11dc:    return "QUESTRA CORPORATION";
      2	   4900   case 0x11dd:    return "CROSFIELD ELECTRONICS LIMITED";
      2	   4901   case 0x11de:    return "ZORAN CORPORATION";
      2	   4902   case 0x11df:    return "NEW WAVE PDG";
      2	   4903   case 0x11e1:    return "GEC PLESSEY SEMI INC.";

FXINFO                          Source Listing                   9-MAY-2021 23:43:28  VSI C V7.4-002-50R2O              Page 11
V1.0                                                             2-FEB-2021 02:11:10  fxinfo.c;1

      2	   4904   case 0x11e2:    return "SAMSUNG INFORMATION SYSTEMS AMERICA";
      2	   4905   case 0x11e3:    return "QUICKLOGIC CORPORATION";
      2	   4906   case 0x11e4:    return "SECOND WAVE INC";
      2	   4907   case 0x11e5:    return "IIX CONSULTING";
      2	   4908   case 0x11e6:    return "MITSUI-ZOSEN SYSTEM RESEARCH";
      2	   4909   case 0x11e8:    return "DIGITAL PROCESSING SYSTEMS INC.";
      2	   4910   case 0x11ea:    return "ELSAG BAILEY";
      2	   4911   case 0x11eb:    return "FORMATION INC.";
      2	   4912   case 0x11ec:    return "CORECO INC";
      2	   4913   case 0x11ed:    return "MEDIAMATICS";
      2	   4914   case 0x11ee:    return "DOME IMAGING SYSTEMS INC";
      2	   4915   case 0x11ef:    return "NICOLET TECHNOLOGIES B.V.";
      2	   4916   case 0x11f0:    return "COMPU-SHACK GMBH";
      2	   4917   case 0x11f1:    return "SYMBIOS LOGIC INC";
      2	   4918   case 0x11f2:    return "PICTURE TEL JAPAN K.K.";
      2	   4919   case 0x11f3:    return "KEITHLEY METRABYTE";
      2	   4920   case 0x11f4:    return "KINETIC SYSTEMS CORPORATION";
      2	   4921   case 0x11f5:    return "COMPUTING DEVICES INTERNATIONAL";
      2	   4922   case 0x11f6:    return "POWERMATIC DATA SYSTEMS LTD";
      2	   4923   case 0x11f7:    return "SCIENTIFIC ATLANTA";
      2	   4924   case 0x11f8:    return "PMC-SIERRA INC";
      2	   4925   case 0x11f9:    return "I-CUBE INC";
      2	   4926   case 0x11fa:    return "KASAN ELECTRONICS COMPANY, LTD.";
      2	   4927   case 0x11fb:    return "DATEL INC";
      2	   4928   case 0x11fd:    return "HIGH STREET CONSULTANTS";
      2	   4929   case 0x11fe:    return "COMTROL CORPORATION";
      2	   4930   case 0x11ff:    return "SCION CORPORATION";
      2	   4931   case 0x1200:    return "CSS CORPORATION";
      2	   4932   case 0x1201:    return "VISTA CONTROLS CORP";
      2	   4933   case 0x1202:    return "NETWORK GENERAL CORP.";
      2	   4934   case 0x1203:    return "BAYER CORPORATION, AGFA DIVISION";
      2	   4935   case 0x1204:    return "LATTICE SEMICONDUCTOR CORPORATION";
      2	   4936   case 0x1205:    return "ARRAY CORPORATION";
      2	   4937   case 0x1206:    return "AMDAHL CORPORATION";
      2	   4938   case 0x1208:    return "PARSYTEC GMBH";
      2	   4939   case 0x1209:    return "SCI SYSTEMS INC";
      2	   4940   case 0x120a:    return "SYNAPTEL";
      2	   4941   case 0x120b:    return "ADAPTIVE SOLUTIONS";
      2	   4942   case 0x120d:    return "COMPRESSION LABS, INC.";
      2	   4943   case 0x120e:    return "CYCLADES CORPORATION";
      2	   4944   case 0x120f:    return "ESSENTIAL COMMUNICATIONS";
      2	   4945   case 0x1210:    return "HYPERPARALLEL TECHNOLOGIES";
      2	   4946   case 0x1211:    return "BRAINTECH INC";
      2	   4947   case 0x1212:    return "KINGSTON TECHNOLOGY CORP.";
      2	   4948   case 0x1213:    return "APPLIED INTELLIGENT SYSTEMS, INC.";
      2	   4949   case 0x1214:    return "PERFORMANCE TECHNOLOGIES, INC.";
      2	   4950   case 0x1215:    return "INTERWARE CO., LTD";
      2	   4951   case 0x1216:    return "PURUP PREPRESS A/S";
      2	   4952   case 0x1217:    return "02 MICRO, INC.";
      2	   4953   case 0x1218:    return "HYBRICON CORP.";
      2	   4954   case 0x1219:    return "FIRST VIRTUAL CORPORATION";
      2	   4955   case 0x121a:    return "3DFX INTERACTIVE, INC.";
      2	   4956   case 0x121b:    return "ADVANCED TELECOMM MODULES";
      2	   4957   case 0x121c:    return "NIPPON TEXACO, LTD.";
      2	   4958   case 0x121d:    return "LIPPERT AUTOMATIONSTECHNIK GMBH";
      2	   4959   case 0x121e:    return "CSPI";
      2	   4960   case 0x121f:    return "ARCUS TECHNOLOGY, INC.";

FXINFO                          Source Listing                   9-MAY-2021 23:43:28  VSI C V7.4-002-50R2O              Page 12
V1.0                                                             2-FEB-2021 02:11:10  fxinfo.c;1

      2	   4961   case 0x1220:    return "ARIEL CORPORATION";
      2	   4962   case 0x1221:    return "CONTEC CO., LTD";
      2	   4963   case 0x1222:    return "ANCOR COMMUNICATIONS, INC.";
      2	   4964   case 0x1223:    return "HEURIKON/COMPUTER PRODUCTS";
      2	   4965   case 0x1224:    return "INTERACTIVE IMAGES";
      2	   4966   case 0x1225:    return "POWER I/O, INC.";
      2	   4967   case 0x1227:    return "TECH-SOURCE";
      2	   4968   case 0x1228:    return "NORSK ELEKTRO OPTIKK A/S";
      2	   4969   case 0x1229:    return "DATA KINESIS INC.";
      2	   4970   case 0x122a:    return "INTEGRATED TELECOM";
      2	   4971   case 0x122b:    return "LG INDUSTRIAL SYSTEMS CO., LTD";
      2	   4972   case 0x122c:    return "SICAN GMBH";
      2	   4973   case 0x122d:    return "AZTECH SYSTEM LTD";
      2	   4974   case 0x122e:    return "XYRATEX";
      2	   4975   case 0x122f:    return "ANDREW CORPORATION";
      2	   4976   case 0x1230:    return "FISHCAMP ENGINEERING";
      2	   4977   case 0x1231:    return "WOODWARD McCOACH, INC.";
      2	   4978   case 0x1232:    return "GPT LIMITED";
      2	   4979   case 0x1233:    return "BUS-TECH, INC.";
      2	   4980   case 0x1234:    return "TECHNICAL CORP.";
      2	   4981   case 0x1235:    return "RISQ MODULAR SYSTEMS, INC.";
      2	   4982   case 0x1236:    return "Sigma Designs Corporation";
      2	   4983   case 0x1237:    return "ALTA TECHNOLOGY CORPORATION";
      2	   4984   case 0x1238:    return "ADTRAN";
      2	   4985   case 0x1239:    return "3DO COMPANY";
      2	   4986   case 0x123a:    return "VISICOM LABORATORIES, INC.";
      2	   4987   case 0x123b:    return "SEEQ TECHNOLOGY, INC.";
      2	   4988   case 0x123c:    return "CENTURY SYSTEMS, INC.";
      2	   4989   case 0x123d:    return "ENGINEERING DESIGN TEAM, INC.";
      2	   4990   case 0x123e:    return "SIMUTECH, INC.";
      2	   4991   case 0x123f:    return "C-CUBE MICROSYSTEMS";
      2	   4992   case 0x1240:    return "MARATHON TECHNOLOGIES CORP.";
      2	   4993   case 0x1241:    return "DSC COMMUNICATIONS";
      2	   4994   case 0x1243:    return "DELPHAX";
      2	   4995   case 0x1244:    return "AVM AUDIOVISUELLES MKTG & COMPUTER GMBH";
      2	   4996   case 0x1245:    return "A.P.D., S.A.";
      2	   4997   case 0x1246:    return "DIPIX TECHNOLOGIES, INC.";
      2	   4998   case 0x1247:    return "XYLON RESEARCH, INC.";
      2	   4999   case 0x1248:    return "CENTRAL DATA CORPORATION";
      2	   5000   case 0x1249:    return "SAMSUNG ELECTRONICS CO., LTD.";
      2	   5001   case 0x124a:    return "AEG ELECTROCOM GMBH";
      2	   5002   case 0x124b:    return "GREENSPRING COMPUTERS INC.";
      2	   5003   case 0x124c:    return "SOLITRON TECHNOLOGIES, INC.";
      2	   5004   case 0x124d:    return "STALLION TECHNOLOGIES, INC.";
      2	   5005   case 0x124e:    return "CYLINK";
      2	   5006   case 0x124f:    return "INFORTREND TECHNOLOGY, INC.";
      2	   5007   case 0x1250:    return "HITACHI MICROCOMPUTER SYSTEM LTD";
      2	   5008   case 0x1251:    return "VLSI SOLUTION OY";
      2	   5009   case 0x1253:    return "GUZIK TECHNICAL ENTERPRISES";
      2	   5010   case 0x1254:    return "LINEAR SYSTEMS LTD.";
      2	   5011   case 0x1255:    return "OPTIBASE LTD";
      2	   5012   case 0x1256:    return "PERCEPTIVE SOLUTIONS, INC.";
      2	   5013   case 0x1257:    return "VERTEX NETWORKS, INC.";
      2	   5014   case 0x1258:    return "GILBARCO, INC.";
      2	   5015   case 0x1259:    return "ALLIED TELESYN INTERNATIONAL";
      2	   5016   case 0x125a:    return "ABB POWER SYSTEMS";
      2	   5017   case 0x125b:    return "ASIX ELECTRONICS CORPORATION";

FXINFO                          Source Listing                   9-MAY-2021 23:43:28  VSI C V7.4-002-50R2O              Page 13
V1.0                                                             2-FEB-2021 02:11:10  fxinfo.c;1

      2	   5018   case 0x125c:    return "AURORA TECHNOLOGIES, INC.";
      2	   5019   case 0x125d:    return "ESS TECHNOLOGY";
      2	   5020   case 0x125e:    return "SPECIALVIDEO ENGINEERING SRL";
      2	   5021   case 0x125f:    return "CONCURRENT TECHNOLOGIES, INC.";
      2	   5022   case 0x1260:    return "HARRIS SEMICONDUCTOR";
      2	   5023   case 0x1261:    return "MATSUSHITA-KOTOBUKI ELECTRONICS INDUSTRIES, ";
      2	   5024   case 0x1262:    return "ES COMPUTER COMPANY, LTD.";
      2	   5025   case 0x1263:    return "SONIC SOLUTIONS";
      2	   5026   case 0x1264:    return "AVAL NAGASAKI CORPORATION";
      2	   5027   case 0x1265:    return "CASIO COMPUTER CO., LTD.";
      2	   5028   case 0x1266:    return "MICRODYNE CORPORATION";
      2	   5029   case 0x1267:    return "S. A. TELECOMMUNICATIONS";
      2	   5030   case 0x1268:    return "TEKTRONIX";
      2	   5031   case 0x1269:    return "THOMSON-CSF/TTM";
      2	   5032   case 0x126a:    return "LEXMARK INTERNATIONAL, INC.";
      2	   5033   case 0x126b:    return "ADAX, INC.";
      2	   5034   case 0x126c:    return "NORTHERN TELECOM";
      2	   5035   case 0x126d:    return "SPLASH TECHNOLOGY, INC.";
      2	   5036   case 0x126e:    return "SUMITOMO METAL INDUSTRIES, LTD.";
      2	   5037   case 0x126f:    return "SILICON MOTION, INC.";
      2	   5038   case 0x1270:    return "OLYMPUS OPTICAL CO., LTD.";
      2	   5039   case 0x1271:    return "GW INSTRUMENTS";
      2	   5040   case 0x1272:    return "TELEMATICS";
      2	   5041   case 0x1273:    return "HUGHES NETWORK SYSTEMS";
      2	   5042   case 0x1274:    return "ENSONIQ";
      2	   5043   case 0x1275:    return "NETWORK APPLIANCE CORPORATION";
      2	   5044   case 0x1276:    return "SWITCHED NETWORK TECHNOLOGIES, INC.";
      2	   5045   case 0x1277:    return "COMSTREAM";
      2	   5046   case 0x1278:    return "TRANSTECH PARALLEL SYSTEMS LTD.";
      2	   5047   case 0x1279:    return "TRANSMETA CORPORATION";
      2	   5048   case 0x127a:    return "ROCKWELL INTERNATIONAL";
      2	   5049   case 0x127b:    return "PIXERA CORPORATION";
      2	   5050   case 0x127c:    return "CROSSPOINT SOLUTIONS, INC.";
      2	   5051   case 0x127d:    return "VELA RESEARCH";
      2	   5052   case 0x127e:    return "WINNOV, L.P.";
      2	   5053   case 0x127f:    return "FUJIFILM";
      2	   5054   case 0x1280:    return "PHOTOSCRIPT GROUP LTD.";
      2	   5055   case 0x1281:    return "YOKOGAWA ELECTRIC CORPORATION";
      2	   5056   case 0x1282:    return "DAVICOM SEMICONDUCTOR, INC.";
      2	   5057   case 0x1283:    return "INTEGRATED TECHNOLOGY EXPRESS, INC.";
      2	   5058   case 0x1284:    return "SAHARA NETWORKS, INC.";
      2	   5059   case 0x1285:    return "PLATFORM TECHNOLOGIES, INC.";
      2	   5060   case 0x1286:    return "MAZET GMBH";
      2	   5061   case 0x1287:    return "M-PACT, INC.";
      2	   5062   case 0x1288:    return "TIMESTEP CORPORATION";
      2	   5063   case 0x1289:    return "AVC TECHNOLOGY, INC.";
      2	   5064   case 0x128a:    return "ASANTE TECHNOLOGIES, INC.";
      2	   5065   case 0x128b:    return "TRANSWITCH CORPORATION";
      2	   5066   case 0x128c:    return "RETIX CORPORATION";
      2	   5067   case 0x128d:    return "G2 NETWORKS, INC.";
      2	   5068   case 0x128e:    return "SAMHO MULTI TECH LTD.";
      2	   5069   case 0x128f:    return "TATENO DENNOU, INC.";
      2	   5070   case 0x1290:    return "SORD COMPUTER CORPORATION";
      2	   5071   case 0x1291:    return "NCS COMPUTER ITALIA";
      2	   5072   case 0x1292:    return "TRITECH MICROELECTRONICS  INTERNATIONAL PTE. ";
      2	   5073   case 0x1293:    return "MEDIA REALITY TECHNOLOGY";
      2	   5074   case 0x1294:    return "RHETOREX, INC.";

FXINFO                          Source Listing                   9-MAY-2021 23:43:28  VSI C V7.4-002-50R2O              Page 14
V1.0                                                             2-FEB-2021 02:11:10  fxinfo.c;1

      2	   5075   case 0x1295:    return "IMAGENATION CORPORATION";
      2	   5076   case 0x1296:    return "KOFAX IMAGE PRODUCTS";
      2	   5077   case 0x1297:    return "HOLCO ENT CO, LTD/SHUTTLE COMPUTER";
      2	   5078   case 0x1298:    return "SPELLCASTER TELECOMMUNICATIONS INC.";
      2	   5079   case 0x1299:    return "KNOWLEDGE TECHNOLOGY LAB.";
      2	   5080   case 0x129a:    return "VMETRO, INC.";
      2	   5081   case 0x129b:    return "IMAGE ACCESS";
      2	   5082   case 0x129c:    return "JAYCOR";
      2	   5083   case 0x129d:    return "COMPCORE MULTIMEDIA, INC.";
      2	   5084   case 0x129e:    return "VICTOR COMPANY OF JAPAN, LTD.";
      2	   5085   case 0x129f:    return "OEC MEDICAL SYSTEMS, INC.";
      2	   5086   case 0x12a0:    return "ALLEN- BRADLEY COMPANY";
      2	   5087   case 0x12a1:    return "SIMPACT ASSOCIATES, INC.";
      2	   5088   case 0x12a2:    return "NEWGEN SYSTEMS CORPORATION";
      2	   5089   case 0x12a3:    return "LUCENT TECHNOLOGIES";
      2	   5090   case 0x12a4:    return "NTT ELECTRONICS TECHNOLOGY COMPANY";
      2	   5091   case 0x12a5:    return "VISION DYNAMICS LTD.";
      2	   5092   case 0x12a6:    return "SCALABLE NETWORKS, INC.";
      2	   5093   case 0x12a7:    return "AMO GMBH";
      2	   5094   case 0x12a8:    return "NEWS DATACOM";
      2	   5095   case 0x12a9:    return "XIOTECH CORPORATION";
      2	   5096   case 0x12aa:    return "SDL COMMUNIATIONS, INC.";
      2	   5097   case 0x12ab:    return "YUAN YUAN ENTERPRISE CO., LTD.";
      2	   5098   case 0x12ac:    return "MEASUREX CORPORATION";
      2	   5099   case 0x12ad:    return "MULTIDATA GMBH";
      2	   5100   case 0x12ae:    return "Alteon Networks Inc.";
      2	   5101   case 0x12af:    return "TDK USA Corp";
      2	   5102   case 0x12b0:    return "Jorge Scientific Corp";
      2	   5103   case 0x12b1:    return "GammaLink";
      2	   5104   case 0x12b2:    return "General Signal Networks";
      2	   5105   case 0x12b3:    return "Inter-Face Co Ltd";
      2	   5106   case 0x12b4:    return "FutureTel Inc";
      2	   5107   case 0x12b5:    return "Granite Systems Inc.";
      2	   5108   case 0x12b6:    return "NATURAL MICROSYSTEMS";
      2	   5109   case 0x12b7:    return "ACUMEN";
      2	   5110   case 0x12b8:    return "Korg";
      2	   5111   case 0x12b9:    return "US Robotics";
      2	   5112   case 0x12ba:    return "PMC Sierra";
      2	   5113   case 0x12bb:    return "NIPPON UNISOFT CORPORATION";
      2	   5114   case 0x12bc:    return "ARRAY MICROSYSTEMS";
      2	   5115   case 0x12bd:    return "COMPUTERM CORP.";
      2	   5116   case 0x12be:    return "Anchor Chips";
      2	   5117   case 0x12bf:    return "Fujifilm Microdevices";
      2	   5118   case 0x12c0:    return "INFIMED";
      2	   5119   case 0x12c1:    return "GMM Research Corp";
      2	   5120   case 0x12c2:    return "Mentec Limited";
      2	   5121   case 0x12c3:    return "Holtek Microelectronics Inc";
      2	   5122   case 0x12c4:    return "Connect Tech Inc";
      2	   5123   case 0x12c5:    return "PICTURE ELEMENTS";
      2	   5124   case 0x12c6:    return "Mitani Corporation";
      2	   5125   case 0x12c7:    return "Dialogic Corp";
      2	   5126   case 0x12c8:    return "G Force Co, Ltd";
      2	   5127   case 0x12c9:    return "Gigi Operations";
      2	   5128   case 0x12ca:    return "Integrated Computing Engines";
      2	   5129   case 0x12cb:    return "ANTEX ELECTRONICS CORPORATION";
      2	   5130   case 0x12cc:    return "PLUTO TECHNOLOGIES INTERNATIONAL";
      2	   5131   case 0x12cd:    return "Aims Lab";

FXINFO                          Source Listing                   9-MAY-2021 23:43:28  VSI C V7.4-002-50R2O              Page 15
V1.0                                                             2-FEB-2021 02:11:10  fxinfo.c;1

      2	   5132   case 0x12ce:    return "NETSPEED INC.";
      2	   5133   case 0x12cf:    return "PROPHET SYSTEMS, INC.";
      2	   5134   case 0x12d0:    return "GDE SYSTEMS, INC.";
      2	   5135   case 0x12d1:    return "PSITECH";
      2	   5136   case 0x12d2:    return "Nvidia/SGS Thomson";
      2	   5137   case 0x12d3:    return "Vingmed Sound A/S";
      2	   5138   case 0x12d4:    return "DGM&S";
      2	   5139   case 0x12d5:    return "Equator Technologies";
      2	   5140   case 0x12d6:    return "Analogic Corp";
      2	   5141   case 0x12d7:    return "Biotronic SRL";
      2	   5142   case 0x12d8:    return "PERICOM SEMICONDUCTOR";
      2	   5143   case 0x12d9:    return "Aculab PLC";
      2	   5144   case 0x12da:    return "True Time";
      2	   5145   case 0x12db:    return "Annapolis Micro Systems, Inc";
      2	   5146   case 0x12dc:    return "Symicron Computer Connumiaction Ltd.";
      2	   5147   case 0x12dd:    return "Management Graphics";
      2	   5148   case 0x12de:    return "Rainbow Technologies";
      2	   5149   case 0x12df:    return "SBS Technologies Inc";
      2	   5150   case 0x12e0:    return "Chase Research";
      2	   5151   case 0x12e1:    return "Nintendo Co, Ltd";
      2	   5152   case 0x12e2:    return "Datum Inc. Bancomm-Timing Division";
      2	   5153   case 0x12e3:    return "Imation Corp - Medical Imaging Systems";
      2	   5154   case 0x12e4:    return "Brooktrout Technology Inc";
      2	   5155   case 0x12e5:    return "Apex Inc";
      2	   5156   case 0x12e6:    return "Cirel Systems";
      2	   5157   case 0x12e7:    return "SUNSGROUP CORPORATION";
      2	   5158   case 0x12e8:    return "CRISC Corp";
      2	   5159   case 0x12e9:    return "GE Spacenet";
      2	   5160   case 0x12ea:    return "Zuken";
      2	   5161   case 0x12eb:    return "AUREAL SEMICONDUCTOR";
      2	   5162   case 0x12ec:    return "3A INTERNATIONAL, INC.";
      2	   5163   case 0x12ed:    return "Optivision Inc.";
      2	   5164   case 0x12ee:    return "Orange Micro";
      2	   5165   case 0x12ef:    return "Vienna Systems";
      2	   5166   case 0x12f0:    return "PENTEK";
      2	   5167   case 0x12f1:    return "Sorenson Vision Inc";
      2	   5168   case 0x12f2:    return "GAMMAGRAPHX, INC.";
      2	   5169   case 0x12f3:    return "XING INC.";
      2	   5170   case 0x12f4:    return "Megatel";
      2	   5171   case 0x12f5:    return "Forks";
      2	   5172   case 0x12f6:    return "Dawson France";
      2	   5173   case 0x12f7:    return "COGNEX";
      2	   5174   case 0x3d3d:    return "3DLABS LIMITED";
      2	   5175   case 0x3d:      return "LOCKHEED MARTIN";
      2	   5176   case 0x4005:    return "AVANCE LOGIC INC";
      2	   5177   case 0x4680:    return "UMAX Computer Corp";
      2	   5178   case 0x4754:    return "TRITECH MICROELECTRONICS";
      2	   5179   case 0x5333:    return "S3 INC.";
      2	   5180   case 0x8086:    return "Intel Corp.";
      2	   5181   case 0x8888:    return "SILICON MAGIC";
      2	   5182   case 0x8e0e:    return "COMPUTONE CORPORATION";
      2	   5183   case 0x9004:    return "ADAPTEC";
      2	   5184   case 0xc0fe:    return "MOTION ENGINEERING, INC.";
      2	   5185   case 0xe11:     return "COMPAQ COMPUTER CORP.";
      2	   5186   case 0xedd8:    return "ARK LOGIC INC";
      2	   5187   default:                return "???";
      1	   5188   }

FXINFO                          Source Listing                   9-MAY-2021 23:43:28  VSI C V7.4-002-50R2O              Page 16
V1.0                                                             2-FEB-2021 02:11:10  fxinfo.c;1

      1	   5189 } /* end pciGetVendorName() */
	   5190 


Command Line
------- ----

CC/DEBUG/NOOP/LIST=[.OUT.DEBUG.OBJ.GLIDE.SWLIBS.NEWPCI.PCILIB]FXINFO/OBJECT=[.O
UT.DEBUG.OBJ.GLIDE.SWLIBS.NEWPCI.PCILIB]FXINFO.OBJ/INCLUDE_DIRECTORY=([.GLIDE.S
WLIBS.FXMISC],[.GLIDE.GLIDE2X.CVG.INCSRC],[.GLIDE.GLIDE2X.CVG.GLIDE.SRC],[.GLID
E.GLIDE2X.CVG.INIT],[.GLIDE.SWLIBS.NEWPCI.PCILIB])/DEFINE=(CVG,GLIDE_USE_C_TRIS
ETUP,GLIDE_HW_TRI_SETUP=1,GLIDE_TRI_CULLING=1,GLIDE_DEFAULT_GAMMA=1.3F,GLIDE_LI
B=1) [.GLIDE.SWLIBS.NEWPCI.PCILIB]FXINFO.C

Hardware: /ARCHITECTURE=GENERIC /OPTIMIZE=TUNE=GENERIC

These macros are in effect at the start of the compilation.
----- ------ --- -- ------ -- --- ----- -- --- ------------

 __G_FLOAT=1  __DECC=1  vms=1  VMS=1  __32BITS=1  __PRAGMA_ENVIRONMENT=1 
 __CRTL_VER=80400000  __vms_version="V8.4-2L1"  CC$gfloat=1  __X_FLOAT=1 
 GLIDE_HW_TRI_SETUP=1  GLIDE_USE_C_TRISETUP=1  vms_version="V8.4-2L1" 
 __DATE__="May  9 2021"  __STDC_VERSION__=199901L  __DECC_MODE_RELAXED=1 
 __DECC_VER=70490002  __VMS=1  GLIDE_DEFAULT_GAMMA=1.3F  GLIDE_LIB=1 
 __ALPHA=1  VMS_VERSION="V8.4-2L1"  __IEEE_FLOAT=0  __VMS_VERSION="V8.4-2L1" 
 __TIME__="23:43:28"  __Alpha_AXP=1  __VMS_VER=80421222 
 __BIASED_FLT_ROUNDS=2  CVG=1  __INITIAL_POINTER_SIZE=0  __STDC__=2 
 __LANGUAGE_C__=1  __vms=1  __alpha=1  __D_FLOAT=0  GLIDE_TRI_CULLING=1 

