SST1_PCI                        Source Listing                   9-MAY-2021 23:43:32  VSI C V7.4-002-50R2O              Page 1
V1.0                                                             2-FEB-2021 02:11:10  sst1_pci.c;1

	      1 /*
	      2 ** THIS SOFTWARE IS SUBJECT TO COPYRIGHT PROTECTION AND IS OFFERED ONLY
	      3 ** PURSUANT TO THE 3DFX GLIDE GENERAL PUBLIC LICENSE. THERE IS NO RIGHT
	      4 ** TO USE THE GLIDE TRADEMARK WITHOUT PRIOR WRITTEN PERMISSION OF 3DFX
	      5 ** INTERACTIVE, INC. A COPY OF THIS LICENSE MAY BE OBTAINED FROM THE 
	      6 ** DISTRIBUTOR OR BY CONTACTING 3DFX INTERACTIVE INC(info@3dfx.com). 
	      7 ** THIS PROGRAM IS PROVIDED "AS IS" WITHOUT WARRANTY OF ANY KIND, EITHER 
	      8 ** EXPRESSED OR IMPLIED. SEE THE 3DFX GLIDE GENERAL PUBLIC LICENSE FOR A
	      9 ** FULL TEXT OF THE NON-WARRANTY PROVISIONS.  
	     10 ** 
	     11 ** USE, DUPLICATION OR DISCLOSURE BY THE GOVERNMENT IS SUBJECT TO
	     12 ** RESTRICTIONS AS SET FORTH IN SUBDIVISION (C)(1)(II) OF THE RIGHTS IN
	     13 ** TECHNICAL DATA AND COMPUTER SOFTWARE CLAUSE AT DFARS 252.227-7013,
	     14 ** AND/OR IN SIMILAR OR SUCCESSOR CLAUSES IN THE FAR, DOD OR NASA FAR
	     15 ** SUPPLEMENT. UNPUBLISHED RIGHTS RESERVED UNDER THE COPYRIGHT LAWS OF
	     16 ** THE UNITED STATES.  
	     17 ** 
	     18 ** COPYRIGHT 3DFX INTERACTIVE, INC. 1999, ALL RIGHTS RESERVED
	     19 **
	     20 */
	     21 
	     22 #include <3dfx.h>
	    153 #include <fxpci.h>
	    416 #include "sst1_pci.h"
	    456 
	    457 const PciRegister SST1_PCI_INIT_ENABLE = { 0x40, 4, READ_WRITE }; 
	    458 const PciRegister SST1_PCI_BUS_SNOOP_0 = { 0x44, 4, WRITE_ONLY }; 
	    459 const PciRegister SST1_PCI_BUS_SNOOP_1 = { 0x48, 4, WRITE_ONLY }; 
	    460 const PciRegister SST1_PCI_CFG_STATUS  = { 0x4C, 4, READ_WRITE }; 
	    461 
	    462 const PciRegister SST1_PCI_VCLK_ENABLE = { 0xc0, 4, WRITE_ONLY };
	    463 const PciRegister SST1_PCI_VCLK_DISABLE= { 0xe0, 4, WRITE_ONLY };
	    464 


Command Line
------- ----

CC/DEBUG/NOOP/LIST=[.OUT.DEBUG.OBJ.GLIDE.SWLIBS.NEWPCI.PCILIB]SST1_PCI/OBJECT=[
.OUT.DEBUG.OBJ.GLIDE.SWLIBS.NEWPCI.PCILIB]SST1_PCI.OBJ/INCLUDE_DIRECTORY=([.GLI
DE.SWLIBS.FXMISC],[.GLIDE.GLIDE2X.CVG.INCSRC],[.GLIDE.GLIDE2X.CVG.GLIDE.SRC],[.
GLIDE.GLIDE2X.CVG.INIT],[.GLIDE.SWLIBS.NEWPCI.PCILIB])/DEFINE=(CVG,GLIDE_USE_C_
TRISETUP,GLIDE_HW_TRI_SETUP=1,GLIDE_TRI_CULLING=1,GLIDE_DEFAULT_GAMMA=1.3F,GLID
E_LIB=1) [.GLIDE.SWLIBS.NEWPCI.PCILIB]SST1_PCI.C

Hardware: /ARCHITECTURE=GENERIC /OPTIMIZE=TUNE=GENERIC

These macros are in effect at the start of the compilation.
----- ------ --- -- ------ -- --- ----- -- --- ------------

 __G_FLOAT=1  __DECC=1  vms=1  VMS=1  __32BITS=1  __PRAGMA_ENVIRONMENT=1 
 __CRTL_VER=80400000  __vms_version="V8.4-2L1"  CC$gfloat=1  __X_FLOAT=1 
 GLIDE_HW_TRI_SETUP=1  GLIDE_USE_C_TRISETUP=1  vms_version="V8.4-2L1" 
 __DATE__="May  9 2021"  __STDC_VERSION__=199901L  __DECC_MODE_RELAXED=1 
 __DECC_VER=70490002  __VMS=1  GLIDE_DEFAULT_GAMMA=1.3F  GLIDE_LIB=1 
 __ALPHA=1  VMS_VERSION="V8.4-2L1"  __IEEE_FLOAT=0  __VMS_VERSION="V8.4-2L1" 
 __TIME__="23:43:32"  __Alpha_AXP=1  __VMS_VER=80421222 

SST1_PCI                        Source Listing                   9-MAY-2021 23:43:32  VSI C V7.4-002-50R2O              Page 2
V1.0                                                             2-FEB-2021 02:11:10  sst1_pci.c;1

 __BIASED_FLT_ROUNDS=2  CVG=1  __INITIAL_POINTER_SIZE=0  __STDC__=2 
 __LANGUAGE_C__=1  __vms=1  __alpha=1  __D_FLOAT=0  GLIDE_TRI_CULLING=1 

